<?xml version="1.0" encoding="UTF-8"?>
<testng-results ignored="0" total="4" passed="4" failed="0" skipped="0">
  <reporter-output>
  </reporter-output>
  <suite started-at="2025-04-27T14:02:25 IST" name="Suite" finished-at="2025-04-27T14:02:25 IST" duration-ms="128">
    <groups>
      <group name="smoke">
        <method signature="GroupsTestInTestNG.smoke()[pri:0, instance:GroupTest.GroupsTestInTestNG@795cd85e]" name="smoke" class="GroupTest.GroupsTestInTestNG"/>
      </group> <!-- smoke -->
      <group name="Regression">
        <method signature="GroupsTestInTestNG.regression()[pri:0, instance:GroupTest.GroupsTestInTestNG@795cd85e]" name="regression" class="GroupTest.GroupsTestInTestNG"/>
      </group> <!-- Regression -->
      <group name="sanity">
        <method signature="GroupsTestInTestNG.sanity()[pri:0, instance:GroupTest.GroupsTestInTestNG@795cd85e]" name="sanity" class="GroupTest.GroupsTestInTestNG"/>
      </group> <!-- sanity -->
      <group name="endToEnd">
        <method signature="GroupsTestInTestNG.endToEnd()[pri:0, instance:GroupTest.GroupsTestInTestNG@795cd85e]" name="endToEnd" class="GroupTest.GroupsTestInTestNG"/>
      </group> <!-- endToEnd -->
    </groups>
    <test started-at="2025-04-27T14:02:25 IST" name="Test" finished-at="2025-04-27T14:02:25 IST" duration-ms="128">
      <class name="GroupTest.GroupsTestInTestNG">
        <test-method signature="endToEnd()[pri:0, instance:GroupTest.GroupsTestInTestNG@795cd85e]" started-at="2025-04-27T14:02:25 IST" name="endToEnd" finished-at="2025-04-27T14:02:25 IST" duration-ms="29" status="PASS">
          <reporter-output>
          </reporter-output>
        </test-method> <!-- endToEnd -->
        <test-method signature="regression()[pri:0, instance:GroupTest.GroupsTestInTestNG@795cd85e]" started-at="2025-04-27T14:02:25 IST" name="regression" finished-at="2025-04-27T14:02:25 IST" duration-ms="3" status="PASS">
          <reporter-output>
          </reporter-output>
        </test-method> <!-- regression -->
        <test-method signature="sanity()[pri:0, instance:GroupTest.GroupsTestInTestNG@795cd85e]" started-at="2025-04-27T14:02:25 IST" name="sanity" finished-at="2025-04-27T14:02:25 IST" duration-ms="2" status="PASS">
          <reporter-output>
          </reporter-output>
        </test-method> <!-- sanity -->
        <test-method signature="smoke()[pri:0, instance:GroupTest.GroupsTestInTestNG@795cd85e]" started-at="2025-04-27T14:02:25 IST" name="smoke" finished-at="2025-04-27T14:02:25 IST" duration-ms="3" status="PASS">
          <reporter-output>
          </reporter-output>
        </test-method> <!-- smoke -->
      </class> <!-- GroupTest.GroupsTestInTestNG -->
    </test> <!-- Test -->
  </suite> <!-- Suite -->
</testng-results>
