<?xml version="1.0" encoding="UTF-8"?>
<!-- Generated by org.testng.reporters.JUnitXMLReporter -->
<testsuite ignored="0" hostname="DESKTOP-KC124AK" failures="0" tests="4" name="Test" time="0.128" errors="0" timestamp="2025-04-27T14:02:25 IST">
  <testcase classname="GroupTest.GroupsTestInTestNG" name="endToEnd" time="0.029"/>
  <testcase classname="GroupTest.GroupsTestInTestNG" name="regression" time="0.003"/>
  <testcase classname="GroupTest.GroupsTestInTestNG" name="sanity" time="0.002"/>
  <testcase classname="GroupTest.GroupsTestInTestNG" name="smoke" time="0.003"/>
</testsuite> <!-- Test -->
