<?xml version="1.0" encoding="UTF-8"?>
<!-- Generated by org.testng.reporters.JUnitXMLReporter -->
<testsuite ignored="0" hostname="DESKTOP-KC124AK" failures="0" tests="3" name="Default test" time="27.689" errors="0" timestamp="2025-04-27T13:32:59 IST">
  <testcase classname="DataDriventesting.FaceBookDataProvider" name="createNewAccount" time="10.121"/>
  <testcase classname="DataDriventesting.FaceBookDataProvider" name="createNewAccount" time="9.038"/>
  <testcase classname="DataDriventesting.FaceBookDataProvider" name="createNewAccount" time="8.431"/>
</testsuite> <!-- Default test -->
